2020-03-28 19:22:29.793  INFO DESKTOP-QOPR8OL -- [restartedMain] i.b.h.c.StartupApplication               : Starting StartupApplication on DESKTOP-QOPR8OL with PID 2188 (E:\sviluppo\repositories\Certificami\BackEnd\certificami-api\certificami-api\target\classes started by vivia in E:\sviluppo\repositories\Certificami\BackEnd\certificami-api\certificami-api)
2020-03-28 19:22:29.817  INFO DESKTOP-QOPR8OL -- [restartedMain] i.b.h.c.StartupApplication               : No active profile set, falling back to default profiles: default
2020-03-28 19:22:29.899  INFO DESKTOP-QOPR8OL -- [restartedMain] .e.DevToolsPropertyDefaultsPostProcessor : Devtools property defaults active! Set 'spring.devtools.add-properties' to 'false' to disable
2020-03-28 19:22:29.900  INFO DESKTOP-QOPR8OL -- [restartedMain] .e.DevToolsPropertyDefaultsPostProcessor : For additional web related logging consider setting the 'logging.level.web' property to 'DEBUG'
2020-03-28 19:22:31.347  INFO DESKTOP-QOPR8OL -- [restartedMain] .s.d.r.c.RepositoryConfigurationDelegate : Bootstrapping Spring Data repositories in DEFAULT mode.
2020-03-28 19:22:31.391  INFO DESKTOP-QOPR8OL -- [restartedMain] .s.d.r.c.RepositoryConfigurationDelegate : Finished Spring Data repository scanning in 28ms. Found 0 repository interfaces.
2020-03-28 19:22:31.894  INFO DESKTOP-QOPR8OL -- [restartedMain] trationDelegate$BeanPostProcessorChecker : Bean 'org.springframework.transaction.annotation.ProxyTransactionManagementConfiguration' of type [org.springframework.transaction.annotation.ProxyTransactionManagementConfiguration$$EnhancerBySpringCGLIB$$7f495b28] is not eligible for getting processed by all BeanPostProcessors (for example: not eligible for auto-proxying)
2020-03-28 19:22:32.458  INFO DESKTOP-QOPR8OL -- [restartedMain] o.s.b.w.e.t.TomcatWebServer              : Tomcat initialized with port(s): 9091 (http)
2020-03-28 19:22:32.478  INFO DESKTOP-QOPR8OL -- [restartedMain] o.a.c.h.Http11NioProtocol                : Initializing ProtocolHandler ["http-nio-9091"]
2020-03-28 19:22:32.491  INFO DESKTOP-QOPR8OL -- [restartedMain] o.a.c.c.StandardService                  : Starting service [Tomcat]
2020-03-28 19:22:32.492  INFO DESKTOP-QOPR8OL -- [restartedMain] o.a.c.c.StandardEngine                   : Starting Servlet engine: [Apache Tomcat/9.0.16]
2020-03-28 19:22:32.502  INFO DESKTOP-QOPR8OL -- [restartedMain] o.a.c.c.AprLifecycleListener             : The APR based Apache Tomcat Native library which allows optimal performance in production environments was not found on the java.library.path: [C:\Program Files\Java\jre1.8.0_241\bin;C:\Windows\Sun\Java\bin;C:\Windows\system32;C:\Windows;C:/Program Files/Java/jre1.8.0_241/bin/server;C:/Program Files/Java/jre1.8.0_241/bin;C:/Program Files/Java/jre1.8.0_241/lib/amd64;C:\Program Files (x86)\NVIDIA Corporation\PhysX\Common;C:\Program Files (x86)\Common Files\Oracle\Java\javapath;C:\Windows\system32;C:\Windows;C:\Windows\System32\Wbem;C:\Windows\System32\WindowsPowerShell\v1.0\;C:\Windows\System32\OpenSSH\;C:\Program Files\Git\cmd;C:\Program Files\nodejs\;C:\Users\vivia\AppData\Local\Programs\Python\Python38-32\Scripts\;C:\Users\vivia\AppData\Local\Programs\Python\Python38-32\;C:\Users\vivia\AppData\Local\Microsoft\WindowsApps;;E:\sviluppo\visualStudioCode\bin;C:\Users\vivia\AppData\Roaming\npm;E:\sviluppo\sts-4.5.1.RELEASE;;.]
2020-03-28 19:22:32.610  INFO DESKTOP-QOPR8OL -- [restartedMain] o.a.c.c.C.[.[.[/]                        : Initializing Spring embedded WebApplicationContext
2020-03-28 19:22:32.611  INFO DESKTOP-QOPR8OL -- [restartedMain] o.s.w.c.ContextLoader                    : Root WebApplicationContext: initialization completed in 2711 ms
2020-03-28 19:22:32.822  INFO DESKTOP-QOPR8OL -- [restartedMain] c.z.h.HikariDataSource                   : HikariPool-1 - Starting...
2020-03-28 19:22:33.952 ERROR DESKTOP-QOPR8OL -- [restartedMain] c.z.h.p.HikariPool                       : HikariPool-1 - Exception during pool initialization.
org.postgresql.util.PSQLException: Il tentativo di connessione è fallito.
	at org.postgresql.core.v3.ConnectionFactoryImpl.openConnectionImpl(ConnectionFactoryImpl.java:292)
	at org.postgresql.core.ConnectionFactory.openConnection(ConnectionFactory.java:49)
	at org.postgresql.jdbc.PgConnection.<init>(PgConnection.java:195)
	at org.postgresql.Driver.makeConnection(Driver.java:454)
	at org.postgresql.Driver.connect(Driver.java:256)
	at com.zaxxer.hikari.util.DriverDataSource.getConnection(DriverDataSource.java:136)
	at com.zaxxer.hikari.pool.PoolBase.newConnection(PoolBase.java:369)
	at com.zaxxer.hikari.pool.PoolBase.newPoolEntry(PoolBase.java:198)
	at com.zaxxer.hikari.pool.HikariPool.createPoolEntry(HikariPool.java:467)
	at com.zaxxer.hikari.pool.HikariPool.checkFailFast(HikariPool.java:541)
	at com.zaxxer.hikari.pool.HikariPool.<init>(HikariPool.java:115)
	at com.zaxxer.hikari.HikariDataSource.getConnection(HikariDataSource.java:112)
	at org.springframework.jdbc.datasource.DataSourceUtils.fetchConnection(DataSourceUtils.java:157)
	at org.springframework.jdbc.datasource.DataSourceUtils.doGetConnection(DataSourceUtils.java:115)
	at org.springframework.jdbc.datasource.DataSourceUtils.getConnection(DataSourceUtils.java:78)
	at org.springframework.jdbc.support.JdbcUtils.extractDatabaseMetaData(JdbcUtils.java:319)
	at org.springframework.jdbc.support.JdbcUtils.extractDatabaseMetaData(JdbcUtils.java:356)
	at org.springframework.boot.autoconfigure.orm.jpa.DatabaseLookup.getDatabase(DatabaseLookup.java:73)
	at org.springframework.boot.autoconfigure.orm.jpa.JpaProperties.determineDatabase(JpaProperties.java:142)
	at org.springframework.boot.autoconfigure.orm.jpa.JpaBaseConfiguration.jpaVendorAdapter(JpaBaseConfiguration.java:113)
	at org.springframework.boot.autoconfigure.orm.jpa.HibernateJpaConfiguration$$EnhancerBySpringCGLIB$$9e201d97.CGLIB$jpaVendorAdapter$4(<generated>)
	at org.springframework.boot.autoconfigure.orm.jpa.HibernateJpaConfiguration$$EnhancerBySpringCGLIB$$9e201d97$$FastClassBySpringCGLIB$$d665efea.invoke(<generated>)
	at org.springframework.cglib.proxy.MethodProxy.invokeSuper(MethodProxy.java:244)
	at org.springframework.context.annotation.ConfigurationClassEnhancer$BeanMethodInterceptor.intercept(ConfigurationClassEnhancer.java:363)
	at org.springframework.boot.autoconfigure.orm.jpa.HibernateJpaConfiguration$$EnhancerBySpringCGLIB$$9e201d97.jpaVendorAdapter(<generated>)
	at sun.reflect.NativeMethodAccessorImpl.invoke0(Native Method)
	at sun.reflect.NativeMethodAccessorImpl.invoke(Unknown Source)
	at sun.reflect.DelegatingMethodAccessorImpl.invoke(Unknown Source)
	at java.lang.reflect.Method.invoke(Unknown Source)
	at org.springframework.beans.factory.support.SimpleInstantiationStrategy.instantiate(SimpleInstantiationStrategy.java:154)
	at org.springframework.beans.factory.support.ConstructorResolver.instantiate(ConstructorResolver.java:622)
	at org.springframework.beans.factory.support.ConstructorResolver.instantiateUsingFactoryMethod(ConstructorResolver.java:456)
	at org.springframework.beans.factory.support.AbstractAutowireCapableBeanFactory.instantiateUsingFactoryMethod(AbstractAutowireCapableBeanFactory.java:1305)
	at org.springframework.beans.factory.support.AbstractAutowireCapableBeanFactory.createBeanInstance(AbstractAutowireCapableBeanFactory.java:1144)
	at org.springframework.beans.factory.support.AbstractAutowireCapableBeanFactory.doCreateBean(AbstractAutowireCapableBeanFactory.java:555)
	at org.springframework.beans.factory.support.AbstractAutowireCapableBeanFactory.createBean(AbstractAutowireCapableBeanFactory.java:515)
	at org.springframework.beans.factory.support.AbstractBeanFactory.lambda$doGetBean$0(AbstractBeanFactory.java:320)
	at org.springframework.beans.factory.support.DefaultSingletonBeanRegistry.getSingleton(DefaultSingletonBeanRegistry.java:222)
	at org.springframework.beans.factory.support.AbstractBeanFactory.doGetBean(AbstractBeanFactory.java:318)
	at org.springframework.beans.factory.support.AbstractBeanFactory.getBean(AbstractBeanFactory.java:199)
	at org.springframework.beans.factory.config.DependencyDescriptor.resolveCandidate(DependencyDescriptor.java:277)
	at org.springframework.beans.factory.support.DefaultListableBeanFactory.doResolveDependency(DefaultListableBeanFactory.java:1247)
	at org.springframework.beans.factory.support.DefaultListableBeanFactory.resolveDependency(DefaultListableBeanFactory.java:1167)
	at org.springframework.beans.factory.support.ConstructorResolver.resolveAutowiredArgument(ConstructorResolver.java:857)
	at org.springframework.beans.factory.support.ConstructorResolver.createArgumentArray(ConstructorResolver.java:760)
	at org.springframework.beans.factory.support.ConstructorResolver.instantiateUsingFactoryMethod(ConstructorResolver.java:509)
	at org.springframework.beans.factory.support.AbstractAutowireCapableBeanFactory.instantiateUsingFactoryMethod(AbstractAutowireCapableBeanFactory.java:1305)
	at org.springframework.beans.factory.support.AbstractAutowireCapableBeanFactory.createBeanInstance(AbstractAutowireCapableBeanFactory.java:1144)
	at org.springframework.beans.factory.support.AbstractAutowireCapableBeanFactory.doCreateBean(AbstractAutowireCapableBeanFactory.java:555)
	at org.springframework.beans.factory.support.AbstractAutowireCapableBeanFactory.createBean(AbstractAutowireCapableBeanFactory.java:515)
	at org.springframework.beans.factory.support.AbstractBeanFactory.lambda$doGetBean$0(AbstractBeanFactory.java:320)
	at org.springframework.beans.factory.support.DefaultSingletonBeanRegistry.getSingleton(DefaultSingletonBeanRegistry.java:222)
	at org.springframework.beans.factory.support.AbstractBeanFactory.doGetBean(AbstractBeanFactory.java:318)
	at org.springframework.beans.factory.support.AbstractBeanFactory.getBean(AbstractBeanFactory.java:199)
	at org.springframework.beans.factory.config.DependencyDescriptor.resolveCandidate(DependencyDescriptor.java:277)
	at org.springframework.beans.factory.support.DefaultListableBeanFactory.doResolveDependency(DefaultListableBeanFactory.java:1247)
	at org.springframework.beans.factory.support.DefaultListableBeanFactory.resolveDependency(DefaultListableBeanFactory.java:1167)
	at org.springframework.beans.factory.support.ConstructorResolver.resolveAutowiredArgument(ConstructorResolver.java:857)
	at org.springframework.beans.factory.support.ConstructorResolver.createArgumentArray(ConstructorResolver.java:760)
	at org.springframework.beans.factory.support.ConstructorResolver.instantiateUsingFactoryMethod(ConstructorResolver.java:509)
	at org.springframework.beans.factory.support.AbstractAutowireCapableBeanFactory.instantiateUsingFactoryMethod(AbstractAutowireCapableBeanFactory.java:1305)
	at org.springframework.beans.factory.support.AbstractAutowireCapableBeanFactory.createBeanInstance(AbstractAutowireCapableBeanFactory.java:1144)
	at org.springframework.beans.factory.support.AbstractAutowireCapableBeanFactory.doCreateBean(AbstractAutowireCapableBeanFactory.java:555)
	at org.springframework.beans.factory.support.AbstractAutowireCapableBeanFactory.createBean(AbstractAutowireCapableBeanFactory.java:515)
	at org.springframework.beans.factory.support.AbstractBeanFactory.lambda$doGetBean$0(AbstractBeanFactory.java:320)
	at org.springframework.beans.factory.support.DefaultSingletonBeanRegistry.getSingleton(DefaultSingletonBeanRegistry.java:222)
	at org.springframework.beans.factory.support.AbstractBeanFactory.doGetBean(AbstractBeanFactory.java:318)
	at org.springframework.beans.factory.support.AbstractBeanFactory.getBean(AbstractBeanFactory.java:199)
	at org.springframework.context.support.AbstractApplicationContext.getBean(AbstractApplicationContext.java:1105)
	at org.springframework.context.support.AbstractApplicationContext.finishBeanFactoryInitialization(AbstractApplicationContext.java:867)
	at org.springframework.context.support.AbstractApplicationContext.refresh(AbstractApplicationContext.java:549)
	at org.springframework.boot.web.servlet.context.ServletWebServerApplicationContext.refresh(ServletWebServerApplicationContext.java:142)
	at org.springframework.boot.SpringApplication.refresh(SpringApplication.java:775)
	at org.springframework.boot.SpringApplication.refreshContext(SpringApplication.java:397)
	at org.springframework.boot.SpringApplication.run(SpringApplication.java:316)
	at org.springframework.boot.SpringApplication.run(SpringApplication.java:1260)
	at org.springframework.boot.SpringApplication.run(SpringApplication.java:1248)
	at it.bad_request.hackaton.certificami.StartupApplication.main(StartupApplication.java:12)
	at sun.reflect.NativeMethodAccessorImpl.invoke0(Native Method)
	at sun.reflect.NativeMethodAccessorImpl.invoke(Unknown Source)
	at sun.reflect.DelegatingMethodAccessorImpl.invoke(Unknown Source)
	at java.lang.reflect.Method.invoke(Unknown Source)
	at org.springframework.boot.devtools.restart.RestartLauncher.run(RestartLauncher.java:49)
Caused by: java.net.UnknownHostException: doadmin:s9f62z9l7gkn2b9m@db-postgresql-fra1-25644-do-user-7290269-0.a.db.ondigitalocean.com
	at java.net.AbstractPlainSocketImpl.connect(Unknown Source)
	at java.net.PlainSocketImpl.connect(Unknown Source)
	at java.net.SocksSocketImpl.connect(Unknown Source)
	at java.net.Socket.connect(Unknown Source)
	at org.postgresql.core.PGStream.<init>(PGStream.java:70)
	at org.postgresql.core.v3.ConnectionFactoryImpl.tryConnect(ConnectionFactoryImpl.java:91)
	at org.postgresql.core.v3.ConnectionFactoryImpl.openConnectionImpl(ConnectionFactoryImpl.java:192)
	... 82 more
2020-03-28 19:22:33.963  WARN DESKTOP-QOPR8OL -- [restartedMain] o.s.b.a.o.j.DatabaseLookup               : Unable to determine jdbc url from datasource
org.springframework.jdbc.support.MetaDataAccessException: Could not get Connection for extracting meta-data; nested exception is org.springframework.jdbc.CannotGetJdbcConnectionException: Failed to obtain JDBC Connection; nested exception is org.postgresql.util.PSQLException: Il tentativo di connessione è fallito.
	at org.springframework.jdbc.support.JdbcUtils.extractDatabaseMetaData(JdbcUtils.java:328)
	at org.springframework.jdbc.support.JdbcUtils.extractDatabaseMetaData(JdbcUtils.java:356)
	at org.springframework.boot.autoconfigure.orm.jpa.DatabaseLookup.getDatabase(DatabaseLookup.java:73)
	at org.springframework.boot.autoconfigure.orm.jpa.JpaProperties.determineDatabase(JpaProperties.java:142)
	at org.springframework.boot.autoconfigure.orm.jpa.JpaBaseConfiguration.jpaVendorAdapter(JpaBaseConfiguration.java:113)
	at org.springframework.boot.autoconfigure.orm.jpa.HibernateJpaConfiguration$$EnhancerBySpringCGLIB$$9e201d97.CGLIB$jpaVendorAdapter$4(<generated>)
	at org.springframework.boot.autoconfigure.orm.jpa.HibernateJpaConfiguration$$EnhancerBySpringCGLIB$$9e201d97$$FastClassBySpringCGLIB$$d665efea.invoke(<generated>)
	at org.springframework.cglib.proxy.MethodProxy.invokeSuper(MethodProxy.java:244)
	at org.springframework.context.annotation.ConfigurationClassEnhancer$BeanMethodInterceptor.intercept(ConfigurationClassEnhancer.java:363)
	at org.springframework.boot.autoconfigure.orm.jpa.HibernateJpaConfiguration$$EnhancerBySpringCGLIB$$9e201d97.jpaVendorAdapter(<generated>)
	at sun.reflect.NativeMethodAccessorImpl.invoke0(Native Method)
	at sun.reflect.NativeMethodAccessorImpl.invoke(Unknown Source)
	at sun.reflect.DelegatingMethodAccessorImpl.invoke(Unknown Source)
	at java.lang.reflect.Method.invoke(Unknown Source)
	at org.springframework.beans.factory.support.SimpleInstantiationStrategy.instantiate(SimpleInstantiationStrategy.java:154)
	at org.springframework.beans.factory.support.ConstructorResolver.instantiate(ConstructorResolver.java:622)
	at org.springframework.beans.factory.support.ConstructorResolver.instantiateUsingFactoryMethod(ConstructorResolver.java:456)
	at org.springframework.beans.factory.support.AbstractAutowireCapableBeanFactory.instantiateUsingFactoryMethod(AbstractAutowireCapableBeanFactory.java:1305)
	at org.springframework.beans.factory.support.AbstractAutowireCapableBeanFactory.createBeanInstance(AbstractAutowireCapableBeanFactory.java:1144)
	at org.springframework.beans.factory.support.AbstractAutowireCapableBeanFactory.doCreateBean(AbstractAutowireCapableBeanFactory.java:555)
	at org.springframework.beans.factory.support.AbstractAutowireCapableBeanFactory.createBean(AbstractAutowireCapableBeanFactory.java:515)
	at org.springframework.beans.factory.support.AbstractBeanFactory.lambda$doGetBean$0(AbstractBeanFactory.java:320)
	at org.springframework.beans.factory.support.DefaultSingletonBeanRegistry.getSingleton(DefaultSingletonBeanRegistry.java:222)
	at org.springframework.beans.factory.support.AbstractBeanFactory.doGetBean(AbstractBeanFactory.java:318)
	at org.springframework.beans.factory.support.AbstractBeanFactory.getBean(AbstractBeanFactory.java:199)
	at org.springframework.beans.factory.config.DependencyDescriptor.resolveCandidate(DependencyDescriptor.java:277)
	at org.springframework.beans.factory.support.DefaultListableBeanFactory.doResolveDependency(DefaultListableBeanFactory.java:1247)
	at org.springframework.beans.factory.support.DefaultListableBeanFactory.resolveDependency(DefaultListableBeanFactory.java:1167)
	at org.springframework.beans.factory.support.ConstructorResolver.resolveAutowiredArgument(ConstructorResolver.java:857)
	at org.springframework.beans.factory.support.ConstructorResolver.createArgumentArray(ConstructorResolver.java:760)
	at org.springframework.beans.factory.support.ConstructorResolver.instantiateUsingFactoryMethod(ConstructorResolver.java:509)
	at org.springframework.beans.factory.support.AbstractAutowireCapableBeanFactory.instantiateUsingFactoryMethod(AbstractAutowireCapableBeanFactory.java:1305)
	at org.springframework.beans.factory.support.AbstractAutowireCapableBeanFactory.createBeanInstance(AbstractAutowireCapableBeanFactory.java:1144)
	at org.springframework.beans.factory.support.AbstractAutowireCapableBeanFactory.doCreateBean(AbstractAutowireCapableBeanFactory.java:555)
	at org.springframework.beans.factory.support.AbstractAutowireCapableBeanFactory.createBean(AbstractAutowireCapableBeanFactory.java:515)
	at org.springframework.beans.factory.support.AbstractBeanFactory.lambda$doGetBean$0(AbstractBeanFactory.java:320)
	at org.springframework.beans.factory.support.DefaultSingletonBeanRegistry.getSingleton(DefaultSingletonBeanRegistry.java:222)
	at org.springframework.beans.factory.support.AbstractBeanFactory.doGetBean(AbstractBeanFactory.java:318)
	at org.springframework.beans.factory.support.AbstractBeanFactory.getBean(AbstractBeanFactory.java:199)
	at org.springframework.beans.factory.config.DependencyDescriptor.resolveCandidate(DependencyDescriptor.java:277)
	at org.springframework.beans.factory.support.DefaultListableBeanFactory.doResolveDependency(DefaultListableBeanFactory.java:1247)
	at org.springframework.beans.factory.support.DefaultListableBeanFactory.resolveDependency(DefaultListableBeanFactory.java:1167)
	at org.springframework.beans.factory.support.ConstructorResolver.resolveAutowiredArgument(ConstructorResolver.java:857)
	at org.springframework.beans.factory.support.ConstructorResolver.createArgumentArray(ConstructorResolver.java:760)
	at org.springframework.beans.factory.support.ConstructorResolver.instantiateUsingFactoryMethod(ConstructorResolver.java:509)
	at org.springframework.beans.factory.support.AbstractAutowireCapableBeanFactory.instantiateUsingFactoryMethod(AbstractAutowireCapableBeanFactory.java:1305)
	at org.springframework.beans.factory.support.AbstractAutowireCapableBeanFactory.createBeanInstance(AbstractAutowireCapableBeanFactory.java:1144)
	at org.springframework.beans.factory.support.AbstractAutowireCapableBeanFactory.doCreateBean(AbstractAutowireCapableBeanFactory.java:555)
	at org.springframework.beans.factory.support.AbstractAutowireCapableBeanFactory.createBean(AbstractAutowireCapableBeanFactory.java:515)
	at org.springframework.beans.factory.support.AbstractBeanFactory.lambda$doGetBean$0(AbstractBeanFactory.java:320)
	at org.springframework.beans.factory.support.DefaultSingletonBeanRegistry.getSingleton(DefaultSingletonBeanRegistry.java:222)
	at org.springframework.beans.factory.support.AbstractBeanFactory.doGetBean(AbstractBeanFactory.java:318)
	at org.springframework.beans.factory.support.AbstractBeanFactory.getBean(AbstractBeanFactory.java:199)
	at org.springframework.context.support.AbstractApplicationContext.getBean(AbstractApplicationContext.java:1105)
	at org.springframework.context.support.AbstractApplicationContext.finishBeanFactoryInitialization(AbstractApplicationContext.java:867)
	at org.springframework.context.support.AbstractApplicationContext.refresh(AbstractApplicationContext.java:549)
	at org.springframework.boot.web.servlet.context.ServletWebServerApplicationContext.refresh(ServletWebServerApplicationContext.java:142)
	at org.springframework.boot.SpringApplication.refresh(SpringApplication.java:775)
	at org.springframework.boot.SpringApplication.refreshContext(SpringApplication.java:397)
	at org.springframework.boot.SpringApplication.run(SpringApplication.java:316)
	at org.springframework.boot.SpringApplication.run(SpringApplication.java:1260)
	at org.springframework.boot.SpringApplication.run(SpringApplication.java:1248)
	at it.bad_request.hackaton.certificami.StartupApplication.main(StartupApplication.java:12)
	at sun.reflect.NativeMethodAccessorImpl.invoke0(Native Method)
	at sun.reflect.NativeMethodAccessorImpl.invoke(Unknown Source)
	at sun.reflect.DelegatingMethodAccessorImpl.invoke(Unknown Source)
	at java.lang.reflect.Method.invoke(Unknown Source)
	at org.springframework.boot.devtools.restart.RestartLauncher.run(RestartLauncher.java:49)
Caused by: org.springframework.jdbc.CannotGetJdbcConnectionException: Failed to obtain JDBC Connection; nested exception is org.postgresql.util.PSQLException: Il tentativo di connessione è fallito.
	at org.springframework.jdbc.datasource.DataSourceUtils.getConnection(DataSourceUtils.java:81)
	at org.springframework.jdbc.support.JdbcUtils.extractDatabaseMetaData(JdbcUtils.java:319)
	... 67 more
Caused by: org.postgresql.util.PSQLException: Il tentativo di connessione è fallito.
	at org.postgresql.core.v3.ConnectionFactoryImpl.openConnectionImpl(ConnectionFactoryImpl.java:292)
	at org.postgresql.core.ConnectionFactory.openConnection(ConnectionFactory.java:49)
	at org.postgresql.jdbc.PgConnection.<init>(PgConnection.java:195)
	at org.postgresql.Driver.makeConnection(Driver.java:454)
	at org.postgresql.Driver.connect(Driver.java:256)
	at com.zaxxer.hikari.util.DriverDataSource.getConnection(DriverDataSource.java:136)
	at com.zaxxer.hikari.pool.PoolBase.newConnection(PoolBase.java:369)
	at com.zaxxer.hikari.pool.PoolBase.newPoolEntry(PoolBase.java:198)
	at com.zaxxer.hikari.pool.HikariPool.createPoolEntry(HikariPool.java:467)
	at com.zaxxer.hikari.pool.HikariPool.checkFailFast(HikariPool.java:541)
	at com.zaxxer.hikari.pool.HikariPool.<init>(HikariPool.java:115)
	at com.zaxxer.hikari.HikariDataSource.getConnection(HikariDataSource.java:112)
	at org.springframework.jdbc.datasource.DataSourceUtils.fetchConnection(DataSourceUtils.java:157)
	at org.springframework.jdbc.datasource.DataSourceUtils.doGetConnection(DataSourceUtils.java:115)
	at org.springframework.jdbc.datasource.DataSourceUtils.getConnection(DataSourceUtils.java:78)
	... 68 more
Caused by: java.net.UnknownHostException: doadmin:s9f62z9l7gkn2b9m@db-postgresql-fra1-25644-do-user-7290269-0.a.db.ondigitalocean.com
	at java.net.AbstractPlainSocketImpl.connect(Unknown Source)
	at java.net.PlainSocketImpl.connect(Unknown Source)
	at java.net.SocksSocketImpl.connect(Unknown Source)
	at java.net.Socket.connect(Unknown Source)
	at org.postgresql.core.PGStream.<init>(PGStream.java:70)
	at org.postgresql.core.v3.ConnectionFactoryImpl.tryConnect(ConnectionFactoryImpl.java:91)
	at org.postgresql.core.v3.ConnectionFactoryImpl.openConnectionImpl(ConnectionFactoryImpl.java:192)
	... 82 more
2020-03-28 19:22:34.687  INFO DESKTOP-QOPR8OL -- [restartedMain] c.z.h.HikariDataSource                   : HikariPool-1 - Starting...
2020-03-28 19:22:35.688 ERROR DESKTOP-QOPR8OL -- [restartedMain] c.z.h.p.HikariPool                       : HikariPool-1 - Exception during pool initialization.
org.postgresql.util.PSQLException: Il tentativo di connessione è fallito.
	at org.postgresql.core.v3.ConnectionFactoryImpl.openConnectionImpl(ConnectionFactoryImpl.java:292)
	at org.postgresql.core.ConnectionFactory.openConnection(ConnectionFactory.java:49)
	at org.postgresql.jdbc.PgConnection.<init>(PgConnection.java:195)
	at org.postgresql.Driver.makeConnection(Driver.java:454)
	at org.postgresql.Driver.connect(Driver.java:256)
	at com.zaxxer.hikari.util.DriverDataSource.getConnection(DriverDataSource.java:136)
	at com.zaxxer.hikari.pool.PoolBase.newConnection(PoolBase.java:369)
	at com.zaxxer.hikari.pool.PoolBase.newPoolEntry(PoolBase.java:198)
	at com.zaxxer.hikari.pool.HikariPool.createPoolEntry(HikariPool.java:467)
	at com.zaxxer.hikari.pool.HikariPool.checkFailFast(HikariPool.java:541)
	at com.zaxxer.hikari.pool.HikariPool.<init>(HikariPool.java:115)
	at com.zaxxer.hikari.HikariDataSource.getConnection(HikariDataSource.java:112)
	at org.hibernate.engine.jdbc.connections.internal.DatasourceConnectionProviderImpl.getConnection(DatasourceConnectionProviderImpl.java:122)
	at org.hibernate.engine.jdbc.env.internal.JdbcEnvironmentInitiator$ConnectionProviderJdbcConnectionAccess.obtainConnection(JdbcEnvironmentInitiator.java:180)
	at org.hibernate.engine.jdbc.env.internal.JdbcEnvironmentInitiator.initiateService(JdbcEnvironmentInitiator.java:68)
	at org.hibernate.engine.jdbc.env.internal.JdbcEnvironmentInitiator.initiateService(JdbcEnvironmentInitiator.java:35)
	at org.hibernate.boot.registry.internal.StandardServiceRegistryImpl.initiateService(StandardServiceRegistryImpl.java:94)
	at org.hibernate.service.internal.AbstractServiceRegistryImpl.createService(AbstractServiceRegistryImpl.java:263)
	at org.hibernate.service.internal.AbstractServiceRegistryImpl.initializeService(AbstractServiceRegistryImpl.java:237)
	at org.hibernate.service.internal.AbstractServiceRegistryImpl.getService(AbstractServiceRegistryImpl.java:214)
	at org.hibernate.id.factory.internal.DefaultIdentifierGeneratorFactory.injectServices(DefaultIdentifierGeneratorFactory.java:152)
	at org.hibernate.service.internal.AbstractServiceRegistryImpl.injectDependencies(AbstractServiceRegistryImpl.java:286)
	at org.hibernate.service.internal.AbstractServiceRegistryImpl.initializeService(AbstractServiceRegistryImpl.java:243)
	at org.hibernate.service.internal.AbstractServiceRegistryImpl.getService(AbstractServiceRegistryImpl.java:214)
	at org.hibernate.boot.internal.InFlightMetadataCollectorImpl.<init>(InFlightMetadataCollectorImpl.java:179)
	at org.hibernate.boot.model.process.spi.MetadataBuildingProcess.complete(MetadataBuildingProcess.java:119)
	at org.hibernate.jpa.boot.internal.EntityManagerFactoryBuilderImpl.metadata(EntityManagerFactoryBuilderImpl.java:904)
	at org.hibernate.jpa.boot.internal.EntityManagerFactoryBuilderImpl.build(EntityManagerFactoryBuilderImpl.java:935)
	at org.springframework.orm.jpa.vendor.SpringHibernateJpaPersistenceProvider.createContainerEntityManagerFactory(SpringHibernateJpaPersistenceProvider.java:57)
	at org.springframework.orm.jpa.LocalContainerEntityManagerFactoryBean.createNativeEntityManagerFactory(LocalContainerEntityManagerFactoryBean.java:365)
	at org.springframework.orm.jpa.AbstractEntityManagerFactoryBean.buildNativeEntityManagerFactory(AbstractEntityManagerFactoryBean.java:390)
	at org.springframework.orm.jpa.AbstractEntityManagerFactoryBean.afterPropertiesSet(AbstractEntityManagerFactoryBean.java:377)
	at org.springframework.orm.jpa.LocalContainerEntityManagerFactoryBean.afterPropertiesSet(LocalContainerEntityManagerFactoryBean.java:341)
	at org.springframework.beans.factory.support.AbstractAutowireCapableBeanFactory.invokeInitMethods(AbstractAutowireCapableBeanFactory.java:1821)
	at org.springframework.beans.factory.support.AbstractAutowireCapableBeanFactory.initializeBean(AbstractAutowireCapableBeanFactory.java:1758)
	at org.springframework.beans.factory.support.AbstractAutowireCapableBeanFactory.doCreateBean(AbstractAutowireCapableBeanFactory.java:593)
	at org.springframework.beans.factory.support.AbstractAutowireCapableBeanFactory.createBean(AbstractAutowireCapableBeanFactory.java:515)
	at org.springframework.beans.factory.support.AbstractBeanFactory.lambda$doGetBean$0(AbstractBeanFactory.java:320)
	at org.springframework.beans.factory.support.DefaultSingletonBeanRegistry.getSingleton(DefaultSingletonBeanRegistry.java:222)
	at org.springframework.beans.factory.support.AbstractBeanFactory.doGetBean(AbstractBeanFactory.java:318)
	at org.springframework.beans.factory.support.AbstractBeanFactory.getBean(AbstractBeanFactory.java:199)
	at org.springframework.context.support.AbstractApplicationContext.getBean(AbstractApplicationContext.java:1105)
	at org.springframework.context.support.AbstractApplicationContext.finishBeanFactoryInitialization(AbstractApplicationContext.java:867)
	at org.springframework.context.support.AbstractApplicationContext.refresh(AbstractApplicationContext.java:549)
	at org.springframework.boot.web.servlet.context.ServletWebServerApplicationContext.refresh(ServletWebServerApplicationContext.java:142)
	at org.springframework.boot.SpringApplication.refresh(SpringApplication.java:775)
	at org.springframework.boot.SpringApplication.refreshContext(SpringApplication.java:397)
	at org.springframework.boot.SpringApplication.run(SpringApplication.java:316)
	at org.springframework.boot.SpringApplication.run(SpringApplication.java:1260)
	at org.springframework.boot.SpringApplication.run(SpringApplication.java:1248)
	at it.bad_request.hackaton.certificami.StartupApplication.main(StartupApplication.java:12)
	at sun.reflect.NativeMethodAccessorImpl.invoke0(Native Method)
	at sun.reflect.NativeMethodAccessorImpl.invoke(Unknown Source)
	at sun.reflect.DelegatingMethodAccessorImpl.invoke(Unknown Source)
	at java.lang.reflect.Method.invoke(Unknown Source)
	at org.springframework.boot.devtools.restart.RestartLauncher.run(RestartLauncher.java:49)
Caused by: java.net.UnknownHostException: doadmin:s9f62z9l7gkn2b9m@db-postgresql-fra1-25644-do-user-7290269-0.a.db.ondigitalocean.com
	at java.net.AbstractPlainSocketImpl.connect(Unknown Source)
	at java.net.PlainSocketImpl.connect(Unknown Source)
	at java.net.SocksSocketImpl.connect(Unknown Source)
	at java.net.Socket.connect(Unknown Source)
	at org.postgresql.core.PGStream.<init>(PGStream.java:70)
	at org.postgresql.core.v3.ConnectionFactoryImpl.tryConnect(ConnectionFactoryImpl.java:91)
	at org.postgresql.core.v3.ConnectionFactoryImpl.openConnectionImpl(ConnectionFactoryImpl.java:192)
	... 55 more
2020-03-28 19:22:35.922  INFO DESKTOP-QOPR8OL -- [restartedMain] c.z.h.HikariDataSource                   : HikariPool-1 - Starting...
2020-03-28 19:22:36.923 ERROR DESKTOP-QOPR8OL -- [restartedMain] c.z.h.p.HikariPool                       : HikariPool-1 - Exception during pool initialization.
org.postgresql.util.PSQLException: Il tentativo di connessione è fallito.
	at org.postgresql.core.v3.ConnectionFactoryImpl.openConnectionImpl(ConnectionFactoryImpl.java:292)
	at org.postgresql.core.ConnectionFactory.openConnection(ConnectionFactory.java:49)
	at org.postgresql.jdbc.PgConnection.<init>(PgConnection.java:195)
	at org.postgresql.Driver.makeConnection(Driver.java:454)
	at org.postgresql.Driver.connect(Driver.java:256)
	at com.zaxxer.hikari.util.DriverDataSource.getConnection(DriverDataSource.java:136)
	at com.zaxxer.hikari.pool.PoolBase.newConnection(PoolBase.java:369)
	at com.zaxxer.hikari.pool.PoolBase.newPoolEntry(PoolBase.java:198)
	at com.zaxxer.hikari.pool.HikariPool.createPoolEntry(HikariPool.java:467)
	at com.zaxxer.hikari.pool.HikariPool.checkFailFast(HikariPool.java:541)
	at com.zaxxer.hikari.pool.HikariPool.<init>(HikariPool.java:115)
	at com.zaxxer.hikari.HikariDataSource.getConnection(HikariDataSource.java:112)
	at org.hibernate.engine.jdbc.connections.internal.DatasourceConnectionProviderImpl.getConnection(DatasourceConnectionProviderImpl.java:122)
	at org.hibernate.engine.jdbc.env.internal.JdbcEnvironmentInitiator$ConnectionProviderJdbcConnectionAccess.obtainConnection(JdbcEnvironmentInitiator.java:180)
	at org.hibernate.resource.transaction.backend.jdbc.internal.DdlTransactionIsolatorNonJtaImpl.getIsolatedConnection(DdlTransactionIsolatorNonJtaImpl.java:43)
	at org.hibernate.tool.schema.internal.exec.ImprovedExtractionContextImpl.getJdbcConnection(ImprovedExtractionContextImpl.java:60)
	at org.hibernate.tool.schema.extract.internal.SequenceInformationExtractorLegacyImpl.extractMetadata(SequenceInformationExtractorLegacyImpl.java:40)
	at org.hibernate.tool.schema.extract.internal.DatabaseInformationImpl.initializeSequences(DatabaseInformationImpl.java:65)
	at org.hibernate.tool.schema.extract.internal.DatabaseInformationImpl.<init>(DatabaseInformationImpl.java:59)
	at org.hibernate.tool.schema.internal.Helper.buildDatabaseInformation(Helper.java:132)
	at org.hibernate.tool.schema.internal.AbstractSchemaMigrator.doMigration(AbstractSchemaMigrator.java:96)
	at org.hibernate.tool.schema.spi.SchemaManagementToolCoordinator.performDatabaseAction(SchemaManagementToolCoordinator.java:183)
	at org.hibernate.tool.schema.spi.SchemaManagementToolCoordinator.process(SchemaManagementToolCoordinator.java:72)
	at org.hibernate.internal.SessionFactoryImpl.<init>(SessionFactoryImpl.java:310)
	at org.hibernate.boot.internal.SessionFactoryBuilderImpl.build(SessionFactoryBuilderImpl.java:467)
	at org.hibernate.jpa.boot.internal.EntityManagerFactoryBuilderImpl.build(EntityManagerFactoryBuilderImpl.java:939)
	at org.springframework.orm.jpa.vendor.SpringHibernateJpaPersistenceProvider.createContainerEntityManagerFactory(SpringHibernateJpaPersistenceProvider.java:57)
	at org.springframework.orm.jpa.LocalContainerEntityManagerFactoryBean.createNativeEntityManagerFactory(LocalContainerEntityManagerFactoryBean.java:365)
	at org.springframework.orm.jpa.AbstractEntityManagerFactoryBean.buildNativeEntityManagerFactory(AbstractEntityManagerFactoryBean.java:390)
	at org.springframework.orm.jpa.AbstractEntityManagerFactoryBean.afterPropertiesSet(AbstractEntityManagerFactoryBean.java:377)
	at org.springframework.orm.jpa.LocalContainerEntityManagerFactoryBean.afterPropertiesSet(LocalContainerEntityManagerFactoryBean.java:341)
	at org.springframework.beans.factory.support.AbstractAutowireCapableBeanFactory.invokeInitMethods(AbstractAutowireCapableBeanFactory.java:1821)
	at org.springframework.beans.factory.support.AbstractAutowireCapableBeanFactory.initializeBean(AbstractAutowireCapableBeanFactory.java:1758)
	at org.springframework.beans.factory.support.AbstractAutowireCapableBeanFactory.doCreateBean(AbstractAutowireCapableBeanFactory.java:593)
	at org.springframework.beans.factory.support.AbstractAutowireCapableBeanFactory.createBean(AbstractAutowireCapableBeanFactory.java:515)
	at org.springframework.beans.factory.support.AbstractBeanFactory.lambda$doGetBean$0(AbstractBeanFactory.java:320)
	at org.springframework.beans.factory.support.DefaultSingletonBeanRegistry.getSingleton(DefaultSingletonBeanRegistry.java:222)
	at org.springframework.beans.factory.support.AbstractBeanFactory.doGetBean(AbstractBeanFactory.java:318)
	at org.springframework.beans.factory.support.AbstractBeanFactory.getBean(AbstractBeanFactory.java:199)
	at org.springframework.context.support.AbstractApplicationContext.getBean(AbstractApplicationContext.java:1105)
	at org.springframework.context.support.AbstractApplicationContext.finishBeanFactoryInitialization(AbstractApplicationContext.java:867)
	at org.springframework.context.support.AbstractApplicationContext.refresh(AbstractApplicationContext.java:549)
	at org.springframework.boot.web.servlet.context.ServletWebServerApplicationContext.refresh(ServletWebServerApplicationContext.java:142)
	at org.springframework.boot.SpringApplication.refresh(SpringApplication.java:775)
	at org.springframework.boot.SpringApplication.refreshContext(SpringApplication.java:397)
	at org.springframework.boot.SpringApplication.run(SpringApplication.java:316)
	at org.springframework.boot.SpringApplication.run(SpringApplication.java:1260)
	at org.springframework.boot.SpringApplication.run(SpringApplication.java:1248)
	at it.bad_request.hackaton.certificami.StartupApplication.main(StartupApplication.java:12)
	at sun.reflect.NativeMethodAccessorImpl.invoke0(Native Method)
	at sun.reflect.NativeMethodAccessorImpl.invoke(Unknown Source)
	at sun.reflect.DelegatingMethodAccessorImpl.invoke(Unknown Source)
	at java.lang.reflect.Method.invoke(Unknown Source)
	at org.springframework.boot.devtools.restart.RestartLauncher.run(RestartLauncher.java:49)
Caused by: java.net.UnknownHostException: doadmin:s9f62z9l7gkn2b9m@db-postgresql-fra1-25644-do-user-7290269-0.a.db.ondigitalocean.com
	at java.net.AbstractPlainSocketImpl.connect(Unknown Source)
	at java.net.PlainSocketImpl.connect(Unknown Source)
	at java.net.SocksSocketImpl.connect(Unknown Source)
	at java.net.Socket.connect(Unknown Source)
	at org.postgresql.core.PGStream.<init>(PGStream.java:70)
	at org.postgresql.core.v3.ConnectionFactoryImpl.tryConnect(ConnectionFactoryImpl.java:91)
	at org.postgresql.core.v3.ConnectionFactoryImpl.openConnectionImpl(ConnectionFactoryImpl.java:192)
	... 53 more
2020-03-28 19:22:36.924 ERROR DESKTOP-QOPR8OL -- [restartedMain] o.h.e.j.s.SqlExceptionHelper             : Il tentativo di connessione è fallito.
2020-03-28 19:22:36.934  WARN DESKTOP-QOPR8OL -- [restartedMain] ConfigServletWebServerApplicationContext : Exception encountered during context initialization - cancelling refresh attempt: org.springframework.beans.factory.BeanCreationException: Error creating bean with name 'entityManagerFactory' defined in class path resource [org/springframework/boot/autoconfigure/orm/jpa/HibernateJpaConfiguration.class]: Invocation of init method failed; nested exception is javax.persistence.PersistenceException: [PersistenceUnit: default] Unable to build Hibernate SessionFactory; nested exception is org.hibernate.exception.JDBCConnectionException: Unable to open JDBC Connection for DDL execution
2020-03-28 19:22:36.936  INFO DESKTOP-QOPR8OL -- [restartedMain] o.a.c.c.StandardService                  : Stopping service [Tomcat]
2020-03-28 19:22:36.949  INFO DESKTOP-QOPR8OL -- [restartedMain] ConditionEvaluationReportLoggingListener : 

Error starting ApplicationContext. To display the conditions report re-run your application with 'debug' enabled.
2020-03-28 19:22:36.958 ERROR DESKTOP-QOPR8OL -- [restartedMain] o.s.b.SpringApplication                  : Application run failed
org.springframework.beans.factory.BeanCreationException: Error creating bean with name 'entityManagerFactory' defined in class path resource [org/springframework/boot/autoconfigure/orm/jpa/HibernateJpaConfiguration.class]: Invocation of init method failed; nested exception is javax.persistence.PersistenceException: [PersistenceUnit: default] Unable to build Hibernate SessionFactory; nested exception is org.hibernate.exception.JDBCConnectionException: Unable to open JDBC Connection for DDL execution
	at org.springframework.beans.factory.support.AbstractAutowireCapableBeanFactory.initializeBean(AbstractAutowireCapableBeanFactory.java:1762)
	at org.springframework.beans.factory.support.AbstractAutowireCapableBeanFactory.doCreateBean(AbstractAutowireCapableBeanFactory.java:593)
	at org.springframework.beans.factory.support.AbstractAutowireCapableBeanFactory.createBean(AbstractAutowireCapableBeanFactory.java:515)
	at org.springframework.beans.factory.support.AbstractBeanFactory.lambda$doGetBean$0(AbstractBeanFactory.java:320)
	at org.springframework.beans.factory.support.DefaultSingletonBeanRegistry.getSingleton(DefaultSingletonBeanRegistry.java:222)
	at org.springframework.beans.factory.support.AbstractBeanFactory.doGetBean(AbstractBeanFactory.java:318)
	at org.springframework.beans.factory.support.AbstractBeanFactory.getBean(AbstractBeanFactory.java:199)
	at org.springframework.context.support.AbstractApplicationContext.getBean(AbstractApplicationContext.java:1105)
	at org.springframework.context.support.AbstractApplicationContext.finishBeanFactoryInitialization(AbstractApplicationContext.java:867)
	at org.springframework.context.support.AbstractApplicationContext.refresh(AbstractApplicationContext.java:549)
	at org.springframework.boot.web.servlet.context.ServletWebServerApplicationContext.refresh(ServletWebServerApplicationContext.java:142)
	at org.springframework.boot.SpringApplication.refresh(SpringApplication.java:775)
	at org.springframework.boot.SpringApplication.refreshContext(SpringApplication.java:397)
	at org.springframework.boot.SpringApplication.run(SpringApplication.java:316)
	at org.springframework.boot.SpringApplication.run(SpringApplication.java:1260)
	at org.springframework.boot.SpringApplication.run(SpringApplication.java:1248)
	at it.bad_request.hackaton.certificami.StartupApplication.main(StartupApplication.java:12)
	at sun.reflect.NativeMethodAccessorImpl.invoke0(Native Method)
	at sun.reflect.NativeMethodAccessorImpl.invoke(Unknown Source)
	at sun.reflect.DelegatingMethodAccessorImpl.invoke(Unknown Source)
	at java.lang.reflect.Method.invoke(Unknown Source)
	at org.springframework.boot.devtools.restart.RestartLauncher.run(RestartLauncher.java:49)
Caused by: javax.persistence.PersistenceException: [PersistenceUnit: default] Unable to build Hibernate SessionFactory; nested exception is org.hibernate.exception.JDBCConnectionException: Unable to open JDBC Connection for DDL execution
	at org.springframework.orm.jpa.AbstractEntityManagerFactoryBean.buildNativeEntityManagerFactory(AbstractEntityManagerFactoryBean.java:402)
	at org.springframework.orm.jpa.AbstractEntityManagerFactoryBean.afterPropertiesSet(AbstractEntityManagerFactoryBean.java:377)
	at org.springframework.orm.jpa.LocalContainerEntityManagerFactoryBean.afterPropertiesSet(LocalContainerEntityManagerFactoryBean.java:341)
	at org.springframework.beans.factory.support.AbstractAutowireCapableBeanFactory.invokeInitMethods(AbstractAutowireCapableBeanFactory.java:1821)
	at org.springframework.beans.factory.support.AbstractAutowireCapableBeanFactory.initializeBean(AbstractAutowireCapableBeanFactory.java:1758)
	... 21 more
Caused by: org.hibernate.exception.JDBCConnectionException: Unable to open JDBC Connection for DDL execution
	at org.hibernate.exception.internal.SQLStateConversionDelegate.convert(SQLStateConversionDelegate.java:115)
	at org.hibernate.exception.internal.StandardSQLExceptionConverter.convert(StandardSQLExceptionConverter.java:42)
	at org.hibernate.engine.jdbc.spi.SqlExceptionHelper.convert(SqlExceptionHelper.java:113)
	at org.hibernate.engine.jdbc.spi.SqlExceptionHelper.convert(SqlExceptionHelper.java:99)
	at org.hibernate.resource.transaction.backend.jdbc.internal.DdlTransactionIsolatorNonJtaImpl.getIsolatedConnection(DdlTransactionIsolatorNonJtaImpl.java:69)
	at org.hibernate.tool.schema.internal.exec.ImprovedExtractionContextImpl.getJdbcConnection(ImprovedExtractionContextImpl.java:60)
	at org.hibernate.tool.schema.extract.internal.SequenceInformationExtractorLegacyImpl.extractMetadata(SequenceInformationExtractorLegacyImpl.java:40)
	at org.hibernate.tool.schema.extract.internal.DatabaseInformationImpl.initializeSequences(DatabaseInformationImpl.java:65)
	at org.hibernate.tool.schema.extract.internal.DatabaseInformationImpl.<init>(DatabaseInformationImpl.java:59)
	at org.hibernate.tool.schema.internal.Helper.buildDatabaseInformation(Helper.java:132)
	at org.hibernate.tool.schema.internal.AbstractSchemaMigrator.doMigration(AbstractSchemaMigrator.java:96)
	at org.hibernate.tool.schema.spi.SchemaManagementToolCoordinator.performDatabaseAction(SchemaManagementToolCoordinator.java:183)
	at org.hibernate.tool.schema.spi.SchemaManagementToolCoordinator.process(SchemaManagementToolCoordinator.java:72)
	at org.hibernate.internal.SessionFactoryImpl.<init>(SessionFactoryImpl.java:310)
	at org.hibernate.boot.internal.SessionFactoryBuilderImpl.build(SessionFactoryBuilderImpl.java:467)
	at org.hibernate.jpa.boot.internal.EntityManagerFactoryBuilderImpl.build(EntityManagerFactoryBuilderImpl.java:939)
	at org.springframework.orm.jpa.vendor.SpringHibernateJpaPersistenceProvider.createContainerEntityManagerFactory(SpringHibernateJpaPersistenceProvider.java:57)
	at org.springframework.orm.jpa.LocalContainerEntityManagerFactoryBean.createNativeEntityManagerFactory(LocalContainerEntityManagerFactoryBean.java:365)
	at org.springframework.orm.jpa.AbstractEntityManagerFactoryBean.buildNativeEntityManagerFactory(AbstractEntityManagerFactoryBean.java:390)
	... 25 more
Caused by: org.postgresql.util.PSQLException: Il tentativo di connessione è fallito.
	at org.postgresql.core.v3.ConnectionFactoryImpl.openConnectionImpl(ConnectionFactoryImpl.java:292)
	at org.postgresql.core.ConnectionFactory.openConnection(ConnectionFactory.java:49)
	at org.postgresql.jdbc.PgConnection.<init>(PgConnection.java:195)
	at org.postgresql.Driver.makeConnection(Driver.java:454)
	at org.postgresql.Driver.connect(Driver.java:256)
	at com.zaxxer.hikari.util.DriverDataSource.getConnection(DriverDataSource.java:136)
	at com.zaxxer.hikari.pool.PoolBase.newConnection(PoolBase.java:369)
	at com.zaxxer.hikari.pool.PoolBase.newPoolEntry(PoolBase.java:198)
	at com.zaxxer.hikari.pool.HikariPool.createPoolEntry(HikariPool.java:467)
	at com.zaxxer.hikari.pool.HikariPool.checkFailFast(HikariPool.java:541)
	at com.zaxxer.hikari.pool.HikariPool.<init>(HikariPool.java:115)
	at com.zaxxer.hikari.HikariDataSource.getConnection(HikariDataSource.java:112)
	at org.hibernate.engine.jdbc.connections.internal.DatasourceConnectionProviderImpl.getConnection(DatasourceConnectionProviderImpl.java:122)
	at org.hibernate.engine.jdbc.env.internal.JdbcEnvironmentInitiator$ConnectionProviderJdbcConnectionAccess.obtainConnection(JdbcEnvironmentInitiator.java:180)
	at org.hibernate.resource.transaction.backend.jdbc.internal.DdlTransactionIsolatorNonJtaImpl.getIsolatedConnection(DdlTransactionIsolatorNonJtaImpl.java:43)
	... 39 more
Caused by: java.net.UnknownHostException: doadmin:s9f62z9l7gkn2b9m@db-postgresql-fra1-25644-do-user-7290269-0.a.db.ondigitalocean.com
	at java.net.AbstractPlainSocketImpl.connect(Unknown Source)
	at java.net.PlainSocketImpl.connect(Unknown Source)
	at java.net.SocksSocketImpl.connect(Unknown Source)
	at java.net.Socket.connect(Unknown Source)
	at org.postgresql.core.PGStream.<init>(PGStream.java:70)
	at org.postgresql.core.v3.ConnectionFactoryImpl.tryConnect(ConnectionFactoryImpl.java:91)
	at org.postgresql.core.v3.ConnectionFactoryImpl.openConnectionImpl(ConnectionFactoryImpl.java:192)
	... 53 more
2020-03-28 19:23:02.508  INFO DESKTOP-QOPR8OL -- [restartedMain] i.b.h.c.StartupApplication               : Starting StartupApplication on DESKTOP-QOPR8OL with PID 552 (E:\sviluppo\repositories\Certificami\BackEnd\certificami-api\certificami-api\target\classes started by vivia in E:\sviluppo\repositories\Certificami\BackEnd\certificami-api\certificami-api)
2020-03-28 19:23:02.524  INFO DESKTOP-QOPR8OL -- [restartedMain] i.b.h.c.StartupApplication               : No active profile set, falling back to default profiles: default
2020-03-28 19:23:02.598  INFO DESKTOP-QOPR8OL -- [restartedMain] .e.DevToolsPropertyDefaultsPostProcessor : Devtools property defaults active! Set 'spring.devtools.add-properties' to 'false' to disable
2020-03-28 19:23:02.599  INFO DESKTOP-QOPR8OL -- [restartedMain] .e.DevToolsPropertyDefaultsPostProcessor : For additional web related logging consider setting the 'logging.level.web' property to 'DEBUG'
2020-03-28 19:23:03.322  INFO DESKTOP-QOPR8OL -- [restartedMain] .s.d.r.c.RepositoryConfigurationDelegate : Bootstrapping Spring Data repositories in DEFAULT mode.
2020-03-28 19:23:03.343  INFO DESKTOP-QOPR8OL -- [restartedMain] .s.d.r.c.RepositoryConfigurationDelegate : Finished Spring Data repository scanning in 14ms. Found 0 repository interfaces.
2020-03-28 19:23:03.691  INFO DESKTOP-QOPR8OL -- [restartedMain] trationDelegate$BeanPostProcessorChecker : Bean 'org.springframework.transaction.annotation.ProxyTransactionManagementConfiguration' of type [org.springframework.transaction.annotation.ProxyTransactionManagementConfiguration$$EnhancerBySpringCGLIB$$5a27cfa2] is not eligible for getting processed by all BeanPostProcessors (for example: not eligible for auto-proxying)
2020-03-28 19:23:04.066  INFO DESKTOP-QOPR8OL -- [restartedMain] o.s.b.w.e.t.TomcatWebServer              : Tomcat initialized with port(s): 9091 (http)
2020-03-28 19:23:04.080  INFO DESKTOP-QOPR8OL -- [restartedMain] o.a.c.h.Http11NioProtocol                : Initializing ProtocolHandler ["http-nio-9091"]
2020-03-28 19:23:04.088  INFO DESKTOP-QOPR8OL -- [restartedMain] o.a.c.c.StandardService                  : Starting service [Tomcat]
2020-03-28 19:23:04.089  INFO DESKTOP-QOPR8OL -- [restartedMain] o.a.c.c.StandardEngine                   : Starting Servlet engine: [Apache Tomcat/9.0.16]
2020-03-28 19:23:04.097  INFO DESKTOP-QOPR8OL -- [restartedMain] o.a.c.c.AprLifecycleListener             : The APR based Apache Tomcat Native library which allows optimal performance in production environments was not found on the java.library.path: [C:\Program Files\Java\jre1.8.0_241\bin;C:\Windows\Sun\Java\bin;C:\Windows\system32;C:\Windows;C:/Program Files/Java/jre1.8.0_241/bin/server;C:/Program Files/Java/jre1.8.0_241/bin;C:/Program Files/Java/jre1.8.0_241/lib/amd64;C:\Program Files (x86)\NVIDIA Corporation\PhysX\Common;C:\Program Files (x86)\Common Files\Oracle\Java\javapath;C:\Windows\system32;C:\Windows;C:\Windows\System32\Wbem;C:\Windows\System32\WindowsPowerShell\v1.0\;C:\Windows\System32\OpenSSH\;C:\Program Files\Git\cmd;C:\Program Files\nodejs\;C:\Users\vivia\AppData\Local\Programs\Python\Python38-32\Scripts\;C:\Users\vivia\AppData\Local\Programs\Python\Python38-32\;C:\Users\vivia\AppData\Local\Microsoft\WindowsApps;;E:\sviluppo\visualStudioCode\bin;C:\Users\vivia\AppData\Roaming\npm;E:\sviluppo\sts-4.5.1.RELEASE;;.]
2020-03-28 19:23:04.189  INFO DESKTOP-QOPR8OL -- [restartedMain] o.a.c.c.C.[.[.[/]                        : Initializing Spring embedded WebApplicationContext
2020-03-28 19:23:04.189  INFO DESKTOP-QOPR8OL -- [restartedMain] o.s.w.c.ContextLoader                    : Root WebApplicationContext: initialization completed in 1590 ms
2020-03-28 19:23:04.346  INFO DESKTOP-QOPR8OL -- [restartedMain] c.z.h.HikariDataSource                   : HikariPool-1 - Starting...
2020-03-28 19:23:05.578  INFO DESKTOP-QOPR8OL -- [restartedMain] c.z.h.HikariDataSource                   : HikariPool-1 - Start completed.
2020-03-28 19:23:19.012  INFO DESKTOP-QOPR8OL -- [restartedMain] j.LocalContainerEntityManagerFactoryBean : Initialized JPA EntityManagerFactory for persistence unit 'default'
2020-03-28 19:23:19.232  INFO DESKTOP-QOPR8OL -- [restartedMain] o.s.s.c.ThreadPoolTaskExecutor           : Initializing ExecutorService 'applicationTaskExecutor'
2020-03-28 19:23:19.273  WARN DESKTOP-QOPR8OL -- [restartedMain] aWebConfiguration$JpaWebMvcConfiguration : spring.jpa.open-in-view is enabled by default. Therefore, database queries may be performed during view rendering. Explicitly configure spring.jpa.open-in-view to disable this warning
2020-03-28 19:23:19.477  INFO DESKTOP-QOPR8OL -- [restartedMain] o.s.b.d.a.OptionalLiveReloadServer       : LiveReload server is running on port 35729
2020-03-28 19:23:19.507  INFO DESKTOP-QOPR8OL -- [restartedMain] o.a.c.h.Http11NioProtocol                : Starting ProtocolHandler ["http-nio-9091"]
2020-03-28 19:23:19.545  INFO DESKTOP-QOPR8OL -- [restartedMain] o.s.b.w.e.t.TomcatWebServer              : Tomcat started on port(s): 9091 (http) with context path ''
2020-03-28 19:23:19.549  INFO DESKTOP-QOPR8OL -- [restartedMain] i.b.h.c.StartupApplication               : Started StartupApplication in 17.373 seconds (JVM running for 18.519)
2020-03-28 19:34:16.592  INFO DESKTOP-QOPR8OL -- [Thread-9] o.s.s.c.ThreadPoolTaskExecutor           : Shutting down ExecutorService 'applicationTaskExecutor'
2020-03-28 19:34:16.593  INFO DESKTOP-QOPR8OL -- [Thread-9] j.LocalContainerEntityManagerFactoryBean : Closing JPA EntityManagerFactory for persistence unit 'default'
2020-03-28 19:34:16.601  INFO DESKTOP-QOPR8OL -- [Thread-9] c.z.h.HikariDataSource                   : HikariPool-1 - Shutdown initiated...
2020-03-28 19:34:16.617  INFO DESKTOP-QOPR8OL -- [Thread-9] c.z.h.HikariDataSource                   : HikariPool-1 - Shutdown completed.
2020-03-28 19:34:17.009  INFO DESKTOP-QOPR8OL -- [restartedMain] i.b.h.c.StartupApplication               : Starting StartupApplication on DESKTOP-QOPR8OL with PID 552 (E:\sviluppo\repositories\Certificami\BackEnd\certificami-api\certificami-api\target\classes started by vivia in E:\sviluppo\repositories\Certificami\BackEnd\certificami-api\certificami-api)
2020-03-28 19:34:17.009  INFO DESKTOP-QOPR8OL -- [restartedMain] i.b.h.c.StartupApplication               : No active profile set, falling back to default profiles: default
2020-03-28 19:34:17.334  INFO DESKTOP-QOPR8OL -- [restartedMain] .s.d.r.c.RepositoryConfigurationDelegate : Bootstrapping Spring Data repositories in DEFAULT mode.
2020-03-28 19:34:17.335  INFO DESKTOP-QOPR8OL -- [restartedMain] .s.d.r.c.RepositoryConfigurationDelegate : Finished Spring Data repository scanning in 1ms. Found 0 repository interfaces.
2020-03-28 19:34:17.390  INFO DESKTOP-QOPR8OL -- [restartedMain] trationDelegate$BeanPostProcessorChecker : Bean 'org.springframework.transaction.annotation.ProxyTransactionManagementConfiguration' of type [org.springframework.transaction.annotation.ProxyTransactionManagementConfiguration$$EnhancerBySpringCGLIB$$5a27cfa2] is not eligible for getting processed by all BeanPostProcessors (for example: not eligible for auto-proxying)
2020-03-28 19:34:17.502  INFO DESKTOP-QOPR8OL -- [restartedMain] o.s.b.w.e.t.TomcatWebServer              : Tomcat initialized with port(s): 9091 (http)
2020-03-28 19:34:17.502  INFO DESKTOP-QOPR8OL -- [restartedMain] o.a.c.h.Http11NioProtocol                : Initializing ProtocolHandler ["http-nio-9091"]
2020-03-28 19:34:17.503  INFO DESKTOP-QOPR8OL -- [restartedMain] o.a.c.c.StandardService                  : Starting service [Tomcat]
2020-03-28 19:34:17.503  INFO DESKTOP-QOPR8OL -- [restartedMain] o.a.c.c.StandardEngine                   : Starting Servlet engine: [Apache Tomcat/9.0.16]
2020-03-28 19:34:17.523  INFO DESKTOP-QOPR8OL -- [restartedMain] o.a.c.c.C.[.[.[/]                        : Initializing Spring embedded WebApplicationContext
2020-03-28 19:34:17.523  INFO DESKTOP-QOPR8OL -- [restartedMain] o.s.w.c.ContextLoader                    : Root WebApplicationContext: initialization completed in 511 ms
2020-03-28 19:34:17.570  INFO DESKTOP-QOPR8OL -- [restartedMain] c.z.h.HikariDataSource                   : HikariPool-2 - Starting...
2020-03-28 19:34:18.004  INFO DESKTOP-QOPR8OL -- [restartedMain] c.z.h.HikariDataSource                   : HikariPool-2 - Start completed.
2020-03-28 19:34:30.251  INFO DESKTOP-QOPR8OL -- [restartedMain] j.LocalContainerEntityManagerFactoryBean : Initialized JPA EntityManagerFactory for persistence unit 'default'
2020-03-28 19:34:30.331  INFO DESKTOP-QOPR8OL -- [restartedMain] o.s.s.c.ThreadPoolTaskExecutor           : Initializing ExecutorService 'applicationTaskExecutor'
2020-03-28 19:34:30.336  WARN DESKTOP-QOPR8OL -- [restartedMain] aWebConfiguration$JpaWebMvcConfiguration : spring.jpa.open-in-view is enabled by default. Therefore, database queries may be performed during view rendering. Explicitly configure spring.jpa.open-in-view to disable this warning
2020-03-28 19:34:30.417  INFO DESKTOP-QOPR8OL -- [restartedMain] o.s.b.d.a.OptionalLiveReloadServer       : LiveReload server is running on port 35729
2020-03-28 19:34:30.434  INFO DESKTOP-QOPR8OL -- [restartedMain] o.a.c.h.Http11NioProtocol                : Starting ProtocolHandler ["http-nio-9091"]
2020-03-28 19:34:30.439  INFO DESKTOP-QOPR8OL -- [restartedMain] o.s.b.w.e.t.TomcatWebServer              : Tomcat started on port(s): 9091 (http) with context path ''
2020-03-28 19:34:30.441  INFO DESKTOP-QOPR8OL -- [restartedMain] i.b.h.c.StartupApplication               : Started StartupApplication in 13.485 seconds (JVM running for 689.411)
2020-03-28 19:34:30.449  INFO DESKTOP-QOPR8OL -- [restartedMain] .ConditionEvaluationDeltaLoggingListener : Condition evaluation unchanged
2020-03-28 19:34:49.193  INFO DESKTOP-QOPR8OL -- [RMI TCP Connection(28)-127.0.0.1] inMXBeanRegistrar$SpringApplicationAdmin : Application shutdown requested.
2020-03-28 19:34:49.197  INFO DESKTOP-QOPR8OL -- [RMI TCP Connection(28)-127.0.0.1] o.s.s.c.ThreadPoolTaskExecutor           : Shutting down ExecutorService 'applicationTaskExecutor'
2020-03-28 19:34:49.198  INFO DESKTOP-QOPR8OL -- [RMI TCP Connection(28)-127.0.0.1] j.LocalContainerEntityManagerFactoryBean : Closing JPA EntityManagerFactory for persistence unit 'default'
2020-03-28 19:34:49.200  INFO DESKTOP-QOPR8OL -- [RMI TCP Connection(28)-127.0.0.1] c.z.h.HikariDataSource                   : HikariPool-2 - Shutdown initiated...
2020-03-28 19:34:49.205  INFO DESKTOP-QOPR8OL -- [RMI TCP Connection(28)-127.0.0.1] c.z.h.HikariDataSource                   : HikariPool-2 - Shutdown completed.
2020-03-28 19:34:55.803  INFO DESKTOP-QOPR8OL -- [restartedMain] i.b.h.c.StartupApplication               : Starting StartupApplication on DESKTOP-QOPR8OL with PID 6320 (E:\sviluppo\repositories\Certificami\BackEnd\certificami-api\certificami-api\target\classes started by vivia in E:\sviluppo\repositories\Certificami\BackEnd\certificami-api\certificami-api)
2020-03-28 19:34:55.811  INFO DESKTOP-QOPR8OL -- [restartedMain] i.b.h.c.StartupApplication               : No active profile set, falling back to default profiles: default
2020-03-28 19:34:55.857  INFO DESKTOP-QOPR8OL -- [restartedMain] .e.DevToolsPropertyDefaultsPostProcessor : Devtools property defaults active! Set 'spring.devtools.add-properties' to 'false' to disable
2020-03-28 19:34:55.857  INFO DESKTOP-QOPR8OL -- [restartedMain] .e.DevToolsPropertyDefaultsPostProcessor : For additional web related logging consider setting the 'logging.level.web' property to 'DEBUG'
2020-03-28 19:34:56.645  INFO DESKTOP-QOPR8OL -- [restartedMain] .s.d.r.c.RepositoryConfigurationDelegate : Bootstrapping Spring Data repositories in DEFAULT mode.
2020-03-28 19:34:56.666  INFO DESKTOP-QOPR8OL -- [restartedMain] .s.d.r.c.RepositoryConfigurationDelegate : Finished Spring Data repository scanning in 13ms. Found 0 repository interfaces.
2020-03-28 19:34:57.010  INFO DESKTOP-QOPR8OL -- [restartedMain] trationDelegate$BeanPostProcessorChecker : Bean 'org.springframework.transaction.annotation.ProxyTransactionManagementConfiguration' of type [org.springframework.transaction.annotation.ProxyTransactionManagementConfiguration$$EnhancerBySpringCGLIB$$443d742c] is not eligible for getting processed by all BeanPostProcessors (for example: not eligible for auto-proxying)
2020-03-28 19:34:57.556  INFO DESKTOP-QOPR8OL -- [restartedMain] o.s.b.w.e.t.TomcatWebServer              : Tomcat initialized with port(s): 9091 (http)
2020-03-28 19:34:57.574  INFO DESKTOP-QOPR8OL -- [restartedMain] o.a.c.h.Http11NioProtocol                : Initializing ProtocolHandler ["http-nio-9091"]
2020-03-28 19:34:57.586  INFO DESKTOP-QOPR8OL -- [restartedMain] o.a.c.c.StandardService                  : Starting service [Tomcat]
2020-03-28 19:34:57.587  INFO DESKTOP-QOPR8OL -- [restartedMain] o.a.c.c.StandardEngine                   : Starting Servlet engine: [Apache Tomcat/9.0.16]
2020-03-28 19:34:57.596  INFO DESKTOP-QOPR8OL -- [restartedMain] o.a.c.c.AprLifecycleListener             : The APR based Apache Tomcat Native library which allows optimal performance in production environments was not found on the java.library.path: [C:\Program Files\Java\jre1.8.0_241\bin;C:\Windows\Sun\Java\bin;C:\Windows\system32;C:\Windows;C:/Program Files/Java/jre1.8.0_241/bin/server;C:/Program Files/Java/jre1.8.0_241/bin;C:/Program Files/Java/jre1.8.0_241/lib/amd64;C:\Program Files (x86)\NVIDIA Corporation\PhysX\Common;C:\Program Files (x86)\Common Files\Oracle\Java\javapath;C:\Windows\system32;C:\Windows;C:\Windows\System32\Wbem;C:\Windows\System32\WindowsPowerShell\v1.0\;C:\Windows\System32\OpenSSH\;C:\Program Files\Git\cmd;C:\Program Files\nodejs\;C:\Users\vivia\AppData\Local\Programs\Python\Python38-32\Scripts\;C:\Users\vivia\AppData\Local\Programs\Python\Python38-32\;C:\Users\vivia\AppData\Local\Microsoft\WindowsApps;;E:\sviluppo\visualStudioCode\bin;C:\Users\vivia\AppData\Roaming\npm;E:\sviluppo\sts-4.5.1.RELEASE;;.]
2020-03-28 19:34:57.696  INFO DESKTOP-QOPR8OL -- [restartedMain] o.a.c.c.C.[.[.[/]                        : Initializing Spring embedded WebApplicationContext
2020-03-28 19:34:57.697  INFO DESKTOP-QOPR8OL -- [restartedMain] o.s.w.c.ContextLoader                    : Root WebApplicationContext: initialization completed in 1839 ms
2020-03-28 19:34:57.866  INFO DESKTOP-QOPR8OL -- [restartedMain] c.z.h.HikariDataSource                   : HikariPool-1 - Starting...
2020-03-28 19:34:58.877  INFO DESKTOP-QOPR8OL -- [restartedMain] c.z.h.HikariDataSource                   : HikariPool-1 - Start completed.
2020-03-28 19:35:11.841  INFO DESKTOP-QOPR8OL -- [restartedMain] j.LocalContainerEntityManagerFactoryBean : Initialized JPA EntityManagerFactory for persistence unit 'default'
2020-03-28 19:35:12.049  INFO DESKTOP-QOPR8OL -- [restartedMain] o.s.s.c.ThreadPoolTaskExecutor           : Initializing ExecutorService 'applicationTaskExecutor'
2020-03-28 19:35:12.085  WARN DESKTOP-QOPR8OL -- [restartedMain] aWebConfiguration$JpaWebMvcConfiguration : spring.jpa.open-in-view is enabled by default. Therefore, database queries may be performed during view rendering. Explicitly configure spring.jpa.open-in-view to disable this warning
2020-03-28 19:35:12.297  INFO DESKTOP-QOPR8OL -- [restartedMain] o.s.b.d.a.OptionalLiveReloadServer       : LiveReload server is running on port 35729
2020-03-28 19:35:12.325  INFO DESKTOP-QOPR8OL -- [restartedMain] o.a.c.h.Http11NioProtocol                : Starting ProtocolHandler ["http-nio-9091"]
2020-03-28 19:35:12.351  INFO DESKTOP-QOPR8OL -- [restartedMain] o.s.b.w.e.t.TomcatWebServer              : Tomcat started on port(s): 9091 (http) with context path ''
2020-03-28 19:35:12.356  INFO DESKTOP-QOPR8OL -- [restartedMain] i.b.h.c.StartupApplication               : Started StartupApplication in 16.888 seconds (JVM running for 18.238)
2020-03-28 19:36:30.017  INFO DESKTOP-QOPR8OL -- [Thread-9] o.s.s.c.ThreadPoolTaskExecutor           : Shutting down ExecutorService 'applicationTaskExecutor'
2020-03-28 19:36:30.018  INFO DESKTOP-QOPR8OL -- [Thread-9] j.LocalContainerEntityManagerFactoryBean : Closing JPA EntityManagerFactory for persistence unit 'default'
2020-03-28 19:36:30.023  INFO DESKTOP-QOPR8OL -- [Thread-9] c.z.h.HikariDataSource                   : HikariPool-1 - Shutdown initiated...
2020-03-28 19:36:30.035  INFO DESKTOP-QOPR8OL -- [Thread-9] c.z.h.HikariDataSource                   : HikariPool-1 - Shutdown completed.
2020-03-28 19:36:30.403  INFO DESKTOP-QOPR8OL -- [restartedMain] i.b.h.c.StartupApplication               : Starting StartupApplication on DESKTOP-QOPR8OL with PID 6320 (E:\sviluppo\repositories\Certificami\BackEnd\certificami-api\certificami-api\target\classes started by vivia in E:\sviluppo\repositories\Certificami\BackEnd\certificami-api\certificami-api)
2020-03-28 19:36:30.404  INFO DESKTOP-QOPR8OL -- [restartedMain] i.b.h.c.StartupApplication               : No active profile set, falling back to default profiles: default
2020-03-28 19:36:30.747  INFO DESKTOP-QOPR8OL -- [restartedMain] .s.d.r.c.RepositoryConfigurationDelegate : Bootstrapping Spring Data repositories in DEFAULT mode.
2020-03-28 19:36:30.748  INFO DESKTOP-QOPR8OL -- [restartedMain] .s.d.r.c.RepositoryConfigurationDelegate : Finished Spring Data repository scanning in 1ms. Found 0 repository interfaces.
2020-03-28 19:36:30.803  INFO DESKTOP-QOPR8OL -- [restartedMain] trationDelegate$BeanPostProcessorChecker : Bean 'org.springframework.transaction.annotation.ProxyTransactionManagementConfiguration' of type [org.springframework.transaction.annotation.ProxyTransactionManagementConfiguration$$EnhancerBySpringCGLIB$$443d742c] is not eligible for getting processed by all BeanPostProcessors (for example: not eligible for auto-proxying)
2020-03-28 19:36:30.894  INFO DESKTOP-QOPR8OL -- [restartedMain] o.s.b.w.e.t.TomcatWebServer              : Tomcat initialized with port(s): 9091 (http)
2020-03-28 19:36:30.895  INFO DESKTOP-QOPR8OL -- [restartedMain] o.a.c.h.Http11NioProtocol                : Initializing ProtocolHandler ["http-nio-9091"]
2020-03-28 19:36:30.896  INFO DESKTOP-QOPR8OL -- [restartedMain] o.a.c.c.StandardService                  : Starting service [Tomcat]
2020-03-28 19:36:30.896  INFO DESKTOP-QOPR8OL -- [restartedMain] o.a.c.c.StandardEngine                   : Starting Servlet engine: [Apache Tomcat/9.0.16]
2020-03-28 19:36:30.916  INFO DESKTOP-QOPR8OL -- [restartedMain] o.a.c.c.C.[.[.[/]                        : Initializing Spring embedded WebApplicationContext
2020-03-28 19:36:30.917  INFO DESKTOP-QOPR8OL -- [restartedMain] o.s.w.c.ContextLoader                    : Root WebApplicationContext: initialization completed in 509 ms
2020-03-28 19:36:30.965  INFO DESKTOP-QOPR8OL -- [restartedMain] c.z.h.HikariDataSource                   : HikariPool-2 - Starting...
2020-03-28 19:36:31.396  INFO DESKTOP-QOPR8OL -- [restartedMain] c.z.h.HikariDataSource                   : HikariPool-2 - Start completed.
2020-03-28 19:36:43.400  INFO DESKTOP-QOPR8OL -- [restartedMain] j.LocalContainerEntityManagerFactoryBean : Initialized JPA EntityManagerFactory for persistence unit 'default'
2020-03-28 19:36:43.475  INFO DESKTOP-QOPR8OL -- [restartedMain] o.s.s.c.ThreadPoolTaskExecutor           : Initializing ExecutorService 'applicationTaskExecutor'
2020-03-28 19:36:43.481  WARN DESKTOP-QOPR8OL -- [restartedMain] aWebConfiguration$JpaWebMvcConfiguration : spring.jpa.open-in-view is enabled by default. Therefore, database queries may be performed during view rendering. Explicitly configure spring.jpa.open-in-view to disable this warning
2020-03-28 19:36:43.555  INFO DESKTOP-QOPR8OL -- [restartedMain] o.s.b.d.a.OptionalLiveReloadServer       : LiveReload server is running on port 35729
2020-03-28 19:36:43.571  INFO DESKTOP-QOPR8OL -- [restartedMain] o.a.c.h.Http11NioProtocol                : Starting ProtocolHandler ["http-nio-9091"]
2020-03-28 19:36:43.575  INFO DESKTOP-QOPR8OL -- [restartedMain] o.s.b.w.e.t.TomcatWebServer              : Tomcat started on port(s): 9091 (http) with context path ''
2020-03-28 19:36:43.576  INFO DESKTOP-QOPR8OL -- [restartedMain] i.b.h.c.StartupApplication               : Started StartupApplication in 13.23 seconds (JVM running for 109.457)
2020-03-28 19:36:43.580  INFO DESKTOP-QOPR8OL -- [restartedMain] .ConditionEvaluationDeltaLoggingListener : Condition evaluation unchanged
2020-03-28 19:58:42.927  INFO DESKTOP-QOPR8OL -- [RMI TCP Connection(38)-127.0.0.1] inMXBeanRegistrar$SpringApplicationAdmin : Application shutdown requested.
2020-03-28 19:58:42.931  INFO DESKTOP-QOPR8OL -- [RMI TCP Connection(38)-127.0.0.1] o.s.s.c.ThreadPoolTaskExecutor           : Shutting down ExecutorService 'applicationTaskExecutor'
2020-03-28 19:58:42.932  INFO DESKTOP-QOPR8OL -- [RMI TCP Connection(38)-127.0.0.1] j.LocalContainerEntityManagerFactoryBean : Closing JPA EntityManagerFactory for persistence unit 'default'
2020-03-28 19:58:42.933  INFO DESKTOP-QOPR8OL -- [RMI TCP Connection(38)-127.0.0.1] c.z.h.HikariDataSource                   : HikariPool-2 - Shutdown initiated...
2020-03-28 19:58:42.943  INFO DESKTOP-QOPR8OL -- [RMI TCP Connection(38)-127.0.0.1] c.z.h.HikariDataSource                   : HikariPool-2 - Shutdown completed.
2020-03-28 19:58:49.807  INFO DESKTOP-QOPR8OL -- [restartedMain] i.b.h.c.StartupApplication               : Starting StartupApplication on DESKTOP-QOPR8OL with PID 14532 (E:\sviluppo\repositories\Certificami\BackEnd\certificami-api\certificami-api\target\classes started by vivia in E:\sviluppo\repositories\Certificami\BackEnd\certificami-api\certificami-api)
2020-03-28 19:58:49.813  INFO DESKTOP-QOPR8OL -- [restartedMain] i.b.h.c.StartupApplication               : No active profile set, falling back to default profiles: default
2020-03-28 19:58:49.871  INFO DESKTOP-QOPR8OL -- [restartedMain] .e.DevToolsPropertyDefaultsPostProcessor : Devtools property defaults active! Set 'spring.devtools.add-properties' to 'false' to disable
2020-03-28 19:58:49.871  INFO DESKTOP-QOPR8OL -- [restartedMain] .e.DevToolsPropertyDefaultsPostProcessor : For additional web related logging consider setting the 'logging.level.web' property to 'DEBUG'
2020-03-28 19:58:50.601  INFO DESKTOP-QOPR8OL -- [restartedMain] .s.d.r.c.RepositoryConfigurationDelegate : Bootstrapping Spring Data repositories in DEFAULT mode.
2020-03-28 19:58:50.625  INFO DESKTOP-QOPR8OL -- [restartedMain] .s.d.r.c.RepositoryConfigurationDelegate : Finished Spring Data repository scanning in 15ms. Found 0 repository interfaces.
2020-03-28 19:58:50.979  INFO DESKTOP-QOPR8OL -- [restartedMain] trationDelegate$BeanPostProcessorChecker : Bean 'org.springframework.transaction.annotation.ProxyTransactionManagementConfiguration' of type [org.springframework.transaction.annotation.ProxyTransactionManagementConfiguration$$EnhancerBySpringCGLIB$$5042ba2d] is not eligible for getting processed by all BeanPostProcessors (for example: not eligible for auto-proxying)
2020-03-28 19:58:51.532  INFO DESKTOP-QOPR8OL -- [restartedMain] o.s.b.w.e.t.TomcatWebServer              : Tomcat initialized with port(s): 9091 (http)
2020-03-28 19:58:51.552  INFO DESKTOP-QOPR8OL -- [restartedMain] o.a.c.h.Http11NioProtocol                : Initializing ProtocolHandler ["http-nio-9091"]
2020-03-28 19:58:51.564  INFO DESKTOP-QOPR8OL -- [restartedMain] o.a.c.c.StandardService                  : Starting service [Tomcat]
2020-03-28 19:58:51.565  INFO DESKTOP-QOPR8OL -- [restartedMain] o.a.c.c.StandardEngine                   : Starting Servlet engine: [Apache Tomcat/9.0.16]
2020-03-28 19:58:51.575  INFO DESKTOP-QOPR8OL -- [restartedMain] o.a.c.c.AprLifecycleListener             : The APR based Apache Tomcat Native library which allows optimal performance in production environments was not found on the java.library.path: [C:\Program Files\Java\jre1.8.0_241\bin;C:\Windows\Sun\Java\bin;C:\Windows\system32;C:\Windows;C:/Program Files/Java/jre1.8.0_241/bin/server;C:/Program Files/Java/jre1.8.0_241/bin;C:/Program Files/Java/jre1.8.0_241/lib/amd64;C:\Program Files (x86)\NVIDIA Corporation\PhysX\Common;C:\Program Files (x86)\Common Files\Oracle\Java\javapath;C:\Windows\system32;C:\Windows;C:\Windows\System32\Wbem;C:\Windows\System32\WindowsPowerShell\v1.0\;C:\Windows\System32\OpenSSH\;C:\Program Files\Git\cmd;C:\Program Files\nodejs\;C:\Users\vivia\AppData\Local\Programs\Python\Python38-32\Scripts\;C:\Users\vivia\AppData\Local\Programs\Python\Python38-32\;C:\Users\vivia\AppData\Local\Microsoft\WindowsApps;;E:\sviluppo\visualStudioCode\bin;C:\Users\vivia\AppData\Roaming\npm;E:\sviluppo\sts-4.5.1.RELEASE;;.]
2020-03-28 19:58:51.680  INFO DESKTOP-QOPR8OL -- [restartedMain] o.a.c.c.C.[.[.[/]                        : Initializing Spring embedded WebApplicationContext
2020-03-28 19:58:51.680  INFO DESKTOP-QOPR8OL -- [restartedMain] o.s.w.c.ContextLoader                    : Root WebApplicationContext: initialization completed in 1808 ms
2020-03-28 19:58:51.860  INFO DESKTOP-QOPR8OL -- [restartedMain] c.z.h.HikariDataSource                   : HikariPool-1 - Starting...
2020-03-28 19:58:52.889  INFO DESKTOP-QOPR8OL -- [restartedMain] c.z.h.HikariDataSource                   : HikariPool-1 - Start completed.
